c:\users\roykate\documents\visual studio 2015\projects\数据库作业\mysql-homework\debug\bookmanage.bsc
c:\users\roykate\documents\visual studio 2015\projects\数据库作业\mysql-homework\debug\bookmanage.pch
c:\users\roykate\documents\visual studio 2015\projects\数据库作业\mysql-homework\debug\vc140.pdb
c:\users\roykate\documents\visual studio 2015\projects\数据库作业\mysql-homework\debug\vc140.idb
c:\users\roykate\documents\visual studio 2015\projects\数据库作业\mysql-homework\debug\stdafx.sbr
c:\users\roykate\documents\visual studio 2015\projects\数据库作业\mysql-homework\debug\stdafx.obj
c:\users\roykate\documents\visual studio 2015\projects\数据库作业\mysql-homework\debug\vendmanage.sbr
c:\users\roykate\documents\visual studio 2015\projects\数据库作业\mysql-homework\debug\venddlg2.sbr
c:\users\roykate\documents\visual studio 2015\projects\数据库作业\mysql-homework\debug\venddlg1.sbr
c:\users\roykate\documents\visual studio 2015\projects\数据库作业\mysql-homework\debug\venddlg.sbr
c:\users\roykate\documents\visual studio 2015\projects\数据库作业\mysql-homework\debug\userinfo.sbr
c:\users\roykate\documents\visual studio 2015\projects\数据库作业\mysql-homework\debug\stockmanage.sbr
c:\users\roykate\documents\visual studio 2015\projects\数据库作业\mysql-homework\debug\stockdlg2.sbr
c:\users\roykate\documents\visual studio 2015\projects\数据库作业\mysql-homework\debug\stockdlg1.sbr
c:\users\roykate\documents\visual studio 2015\projects\数据库作业\mysql-homework\debug\savedata.sbr
c:\users\roykate\documents\visual studio 2015\projects\数据库作业\mysql-homework\debug\restoredata.sbr
c:\users\roykate\documents\visual studio 2015\projects\数据库作业\mysql-homework\debug\datamanage.sbr
c:\users\roykate\documents\visual studio 2015\projects\数据库作业\mysql-homework\debug\datadlg1.sbr
c:\users\roykate\documents\visual studio 2015\projects\数据库作业\mysql-homework\debug\datadlg.sbr
c:\users\roykate\documents\visual studio 2015\projects\数据库作业\mysql-homework\debug\refundmanage.sbr
c:\users\roykate\documents\visual studio 2015\projects\数据库作业\mysql-homework\debug\refunddlg2.sbr
c:\users\roykate\documents\visual studio 2015\projects\数据库作业\mysql-homework\debug\refunddlg1.sbr
c:\users\roykate\documents\visual studio 2015\projects\数据库作业\mysql-homework\debug\newuser.sbr
c:\users\roykate\documents\visual studio 2015\projects\数据库作业\mysql-homework\debug\newpass.sbr
c:\users\roykate\documents\visual studio 2015\projects\数据库作业\mysql-homework\debug\newname.sbr
c:\users\roykate\documents\visual studio 2015\projects\数据库作业\mysql-homework\debug\login.sbr
c:\users\roykate\documents\visual studio 2015\projects\数据库作业\mysql-homework\debug\login.obj
c:\users\roykate\documents\visual studio 2015\projects\数据库作业\mysql-homework\debug\newname.obj
c:\users\roykate\documents\visual studio 2015\projects\数据库作业\mysql-homework\debug\newpass.obj
c:\users\roykate\documents\visual studio 2015\projects\数据库作业\mysql-homework\debug\newuser.obj
c:\users\roykate\documents\visual studio 2015\projects\数据库作业\mysql-homework\debug\refunddlg1.obj
c:\users\roykate\documents\visual studio 2015\projects\数据库作业\mysql-homework\debug\refunddlg2.obj
c:\users\roykate\documents\visual studio 2015\projects\数据库作业\mysql-homework\debug\refundmanage.obj
c:\users\roykate\documents\visual studio 2015\projects\数据库作业\mysql-homework\debug\datadlg.obj
c:\users\roykate\documents\visual studio 2015\projects\数据库作业\mysql-homework\debug\datadlg1.obj
c:\users\roykate\documents\visual studio 2015\projects\数据库作业\mysql-homework\debug\datamanage.obj
c:\users\roykate\documents\visual studio 2015\projects\数据库作业\mysql-homework\debug\restoredata.obj
c:\users\roykate\documents\visual studio 2015\projects\数据库作业\mysql-homework\debug\savedata.obj
c:\users\roykate\documents\visual studio 2015\projects\数据库作业\mysql-homework\debug\stockdlg1.obj
c:\users\roykate\documents\visual studio 2015\projects\数据库作业\mysql-homework\debug\stockdlg2.obj
c:\users\roykate\documents\visual studio 2015\projects\数据库作业\mysql-homework\debug\stockmanage.obj
c:\users\roykate\documents\visual studio 2015\projects\数据库作业\mysql-homework\debug\userinfo.obj
c:\users\roykate\documents\visual studio 2015\projects\数据库作业\mysql-homework\debug\venddlg.obj
c:\users\roykate\documents\visual studio 2015\projects\数据库作业\mysql-homework\debug\venddlg1.obj
c:\users\roykate\documents\visual studio 2015\projects\数据库作业\mysql-homework\debug\venddlg2.obj
c:\users\roykate\documents\visual studio 2015\projects\数据库作业\mysql-homework\debug\vendmanage.obj
c:\users\roykate\documents\visual studio 2015\projects\数据库作业\mysql-homework\debug\databasebackup.sbr
c:\users\roykate\documents\visual studio 2015\projects\数据库作业\mysql-homework\debug\bookmanagedlg.sbr
c:\users\roykate\documents\visual studio 2015\projects\数据库作业\mysql-homework\debug\bookmanage.sbr
c:\users\roykate\documents\visual studio 2015\projects\数据库作业\mysql-homework\debug\bookmanage.obj
c:\users\roykate\documents\visual studio 2015\projects\数据库作业\mysql-homework\debug\bookmanagedlg.obj
c:\users\roykate\documents\visual studio 2015\projects\数据库作业\mysql-homework\debug\databasebackup.obj
c:\users\roykate\documents\visual studio 2015\projects\数据库作业\mysql-homework\debug\bookmanage.ilk
c:\users\roykate\documents\visual studio 2015\projects\数据库作业\mysql-homework\debug\bookmanage.exe
c:\users\roykate\documents\visual studio 2015\projects\数据库作业\mysql-homework\debug\bookmanage.pdb
c:\users\roykate\documents\visual studio 2015\projects\数据库作业\mysql-homework\debug\bookmanage.res
c:\users\roykate\documents\visual studio 2015\projects\数据库作业\mysql-homework\debug\msado15.tli
c:\users\roykate\documents\visual studio 2015\projects\数据库作业\mysql-homework\debug\msado15.tlh
c:\users\roykate\documents\visual studio 2015\projects\数据库作业\mysql-homework\.\debug\bookmanage.exe
c:\users\roykate\documents\visual studio 2015\projects\数据库作业\mysql-homework\debug\bookmanage.tlog\bscmake.command.1.tlog
c:\users\roykate\documents\visual studio 2015\projects\数据库作业\mysql-homework\debug\bookmanage.tlog\bscmake.read.1.tlog
c:\users\roykate\documents\visual studio 2015\projects\数据库作业\mysql-homework\debug\bookmanage.tlog\bscmake.write.1.tlog
c:\users\roykate\documents\visual studio 2015\projects\数据库作业\mysql-homework\debug\bookmanage.tlog\cl.command.1.tlog
c:\users\roykate\documents\visual studio 2015\projects\数据库作业\mysql-homework\debug\bookmanage.tlog\cl.read.1.tlog
c:\users\roykate\documents\visual studio 2015\projects\数据库作业\mysql-homework\debug\bookmanage.tlog\cl.write.1.tlog
c:\users\roykate\documents\visual studio 2015\projects\数据库作业\mysql-homework\debug\bookmanage.tlog\link.command.1.tlog
c:\users\roykate\documents\visual studio 2015\projects\数据库作业\mysql-homework\debug\bookmanage.tlog\link.read.1.tlog
c:\users\roykate\documents\visual studio 2015\projects\数据库作业\mysql-homework\debug\bookmanage.tlog\link.write.1.tlog
c:\users\roykate\documents\visual studio 2015\projects\数据库作业\mysql-homework\debug\bookmanage.tlog\rc.command.1.tlog
c:\users\roykate\documents\visual studio 2015\projects\数据库作业\mysql-homework\debug\bookmanage.tlog\rc.read.1.tlog
c:\users\roykate\documents\visual studio 2015\projects\数据库作业\mysql-homework\debug\bookmanage.tlog\rc.write.1.tlog
